<?xml version="1.0" encoding="UTF-8"?>
<!-- Generated by org.testng.reporters.JUnitXMLReporter -->
<testsuite hostname="MAHI" name="Default test" tests="1" failures="0" timestamp="26 May 2016 16:18:34 GMT" time="0.04" errors="0">
  <testcase name="@BeforeTest setup" time="0.0" classname="com.batch1.tests.FileUpload">
    <failure type="org.testng.TestNGException" message="
Parameter &amp;apos;bName&amp;apos; is required by @Configuration on method setup but has not been marked @Optional or defined
in C:\Users\mahendar\AppData\Local\Temp\testng-eclipse-1880069176\testng-customsuite.xml">
      <![CDATA[org.testng.TestNGException: 
Parameter 'bName' is required by @Configuration on method setup but has not been marked @Optional or defined
in C:\Users\mahendar\AppData\Local\Temp\testng-eclipse-1880069176\testng-customsuite.xml
	at org.testng.internal.Parameters.createParameters(Parameters.java:155)
	at org.testng.internal.Parameters.createParameters(Parameters.java:355)
	at org.testng.internal.Parameters.createConfigurationParameters(Parameters.java:86)
	at org.testng.internal.Invoker.invokeConfigurations(Invoker.java:199)
	at org.testng.internal.Invoker.invokeConfigurations(Invoker.java:138)
	at org.testng.TestRunner.beforeRun(TestRunner.java:641)
	at org.testng.TestRunner.run(TestRunner.java:609)
	at org.testng.SuiteRunner.runTest(SuiteRunner.java:334)
	at org.testng.SuiteRunner.runSequentially(SuiteRunner.java:329)
	at org.testng.SuiteRunner.privateRun(SuiteRunner.java:291)
	at org.testng.SuiteRunner.run(SuiteRunner.java:240)
	at org.testng.SuiteRunnerWorker.runSuite(SuiteRunnerWorker.java:51)
	at org.testng.SuiteRunnerWorker.run(SuiteRunnerWorker.java:85)
	at org.testng.TestNG.runSuitesSequentially(TestNG.java:1197)
	at org.testng.TestNG.runSuitesLocally(TestNG.java:1122)
	at org.testng.TestNG.run(TestNG.java:1030)
	at org.testng.remote.RemoteTestNG.run(RemoteTestNG.java:115)
	at org.testng.remote.RemoteTestNG.initAndRun(RemoteTestNG.java:207)
	at org.testng.remote.RemoteTestNG.main(RemoteTestNG.java:178)
]]>
    </failure>
  </testcase> <!-- @BeforeTest setup -->
  <testcase name="upload" time="0.007" classname="com.batch1.tests.FileUpload">
    <skipped/>
  </testcase> <!-- upload -->
</testsuite> <!-- Default test -->
